[startup] [2024-11-05 18:53:55.329] [background-preinit] [DEBUG] [o.j.logging] - Logging Provider: org.jboss.logging.Slf4jLoggerProvider found via system property 
[startup] [2024-11-05 18:53:55.343] [background-preinit] [INFO] [o.h.v.i.u.Version] - HV000001: Hibernate Validator 8.0.1.Final 
[startup] [2024-11-05 18:53:55.357] [background-preinit] [DEBUG] [o.h.v.i.x.c.ValidationXmlParser] - Trying to load META-INF/validation.xml for XML based Validator configuration. 
[startup] [2024-11-05 18:53:55.361] [background-preinit] [DEBUG] [o.h.v.i.x.c.ResourceLoaderHelper] - Trying to load META-INF/validation.xml via TCCL 
[startup] [2024-11-05 18:53:55.364] [background-preinit] [DEBUG] [o.h.v.i.x.c.ResourceLoaderHelper] - Trying to load META-INF/validation.xml via Hibernate Validator's class loader 
[startup] [2024-11-05 18:53:55.366] [background-preinit] [DEBUG] [o.h.v.i.x.c.ValidationXmlParser] - No META-INF/validation.xml found. Using annotation based configuration only. 
[startup] [2024-11-05 18:53:55.385] [background-preinit] [DEBUG] [o.h.v.i.e.r.TraversableResolvers] - Found jakarta.persistence.Persistence on classpath containing 'getPersistenceUtil'. Assuming JPA 2 environment. Trying to instantiate JPA aware TraversableResolver 
[startup] [2024-11-05 18:53:55.393] [background-preinit] [DEBUG] [o.h.v.i.e.r.TraversableResolvers] - Instantiated JPA aware TraversableResolver of type org.hibernate.validator.internal.engine.resolver.JPATraversableResolver. 
[startup] [2024-11-05 18:53:55.463] [background-preinit] [DEBUG] [o.h.v.m.ResourceBundleMessageInterpolator] - Loaded expression factory via original TCCL 
[startup] [2024-11-05 18:53:55.473] [main] [INFO] [c.t.a.AccountApplication] - Starting AccountApplication using Java 17 with PID 19920 (D:\dev\tripApp\tripMateAcccount\build\classes\java\main started by leesuin in D:\dev\tripApp\tripMateAcccount) 
[startup] [2024-11-05 18:53:55.474] [main] [DEBUG] [c.t.a.AccountApplication] - Running with Spring Boot v3.3.4, Spring v6.1.13 
[startup] [2024-11-05 18:53:55.475] [main] [INFO] [c.t.a.AccountApplication] - No active profile set, falling back to 1 default profile: "default" 
[startup] [2024-11-05 18:53:55.477] [main] [DEBUG] [o.s.b.SpringApplication] - Loading source class com.tripmate.account.AccountApplication 
[startup] [2024-11-05 18:53:55.608] [main] [DEBUG] [o.s.b.w.s.c.AnnotationConfigServletWebServerApplicationContext] - Refreshing org.springframework.boot.web.servlet.context.AnnotationConfigServletWebServerApplicationContext@4c51cf28 
[startup] [2024-11-05 18:53:55.664] [main] [DEBUG] [o.s.b.f.s.DefaultListableBeanFactory] - Creating shared instance of singleton bean 'org.springframework.context.annotation.internalConfigurationAnnotationProcessor' 
[startup] [2024-11-05 18:53:55.716] [main] [DEBUG] [o.s.b.f.s.DefaultListableBeanFactory] - Creating shared instance of singleton bean 'org.springframework.boot.autoconfigure.internalCachingMetadataReaderFactory' 
[startup] [2024-11-05 18:53:55.722] [background-preinit] [DEBUG] [o.h.v.i.e.ValidatorFactoryConfigurationHelper] - HV000252: Using org.hibernate.validator.internal.engine.DefaultPropertyNodeNameProvider as property node name provider. 
[startup] [2024-11-05 18:53:55.732] [background-preinit] [DEBUG] [o.h.v.i.e.ValidatorFactoryConfigurationHelper] - HV000234: Using org.hibernate.validator.messageinterpolation.ResourceBundleMessageInterpolator as ValidatorFactory-scoped message interpolator. 
[startup] [2024-11-05 18:53:55.733] [background-preinit] [DEBUG] [o.h.v.i.e.ValidatorFactoryConfigurationHelper] - HV000234: Using org.hibernate.validator.internal.engine.resolver.JPATraversableResolver as ValidatorFactory-scoped traversable resolver. 
[startup] [2024-11-05 18:53:55.733] [background-preinit] [DEBUG] [o.h.v.i.e.ValidatorFactoryConfigurationHelper] - HV000234: Using org.hibernate.validator.internal.util.ExecutableParameterNameProvider as ValidatorFactory-scoped parameter name provider. 
[startup] [2024-11-05 18:53:55.733] [background-preinit] [DEBUG] [o.h.v.i.e.ValidatorFactoryConfigurationHelper] - HV000234: Using org.hibernate.validator.internal.engine.DefaultClockProvider as ValidatorFactory-scoped clock provider. 
[startup] [2024-11-05 18:53:55.734] [background-preinit] [DEBUG] [o.h.v.i.e.ValidatorFactoryConfigurationHelper] - HV000234: Using org.hibernate.validator.internal.engine.scripting.DefaultScriptEvaluatorFactory as ValidatorFactory-scoped script evaluator factory. 
[startup] [2024-11-05 18:53:55.945] [main] [DEBUG] [o.s.c.a.ClassPathBeanDefinitionScanner] - Identified candidate component class: file [D:\dev\tripApp\tripMateAcccount\build\classes\java\main\com\tripmate\account\common\handler\GlobalExceptionHandler.class] 
[startup] [2024-11-05 18:53:55.976] [main] [DEBUG] [o.s.c.a.ClassPathBeanDefinitionScanner] - Identified candidate component class: file [D:\dev\tripApp\tripMateAcccount\build\classes\java\main\com\tripmate\account\filter\HttpLoggingFilter.class] 
[startup] [2024-11-05 18:53:55.978] [main] [DEBUG] [o.s.c.a.ClassPathBeanDefinitionScanner] - Identified candidate component class: file [D:\dev\tripApp\tripMateAcccount\build\classes\java\main\com\tripmate\account\filter\MDCFilter.class] 
[startup] [2024-11-05 18:53:56.004] [main] [DEBUG] [o.s.c.a.ClassPathBeanDefinitionScanner] - Identified candidate component class: file [D:\dev\tripApp\tripMateAcccount\build\classes\java\main\com\tripmate\account\logger\IndexController.class] 
[startup] [2024-11-05 18:53:56.009] [main] [DEBUG] [o.s.c.a.ClassPathBeanDefinitionScanner] - Identified candidate component class: file [D:\dev\tripApp\tripMateAcccount\build\classes\java\main\com\tripmate\account\security\GeneralUserDetailsService.class] 
[startup] [2024-11-05 18:53:56.060] [main] [DEBUG] [o.s.c.a.ClassPathBeanDefinitionScanner] - Identified candidate component class: file [D:\dev\tripApp\tripMateAcccount\build\classes\java\main\com\tripmate\account\security\SecurityConfig.class] 
[startup] [2024-11-05 18:53:56.062] [main] [DEBUG] [o.s.c.a.ClassPathBeanDefinitionScanner] - Identified candidate component class: file [D:\dev\tripApp\tripMateAcccount\build\classes\java\main\com\tripmate\account\swagger\SwaggerConfig.class] 
[startup] [2024-11-05 18:53:56.130] [main] [DEBUG] [o.s.c.a.ClassPathBeanDefinitionScanner] - Identified candidate component class: file [D:\dev\tripApp\tripMateAcccount\build\classes\java\main\com\tripmate\account\user\controller\UserManageController.class] 
[startup] [2024-11-05 18:53:56.150] [main] [DEBUG] [o.s.c.a.ClassPathBeanDefinitionScanner] - Ignored because not a concrete top-level class: file [D:\dev\tripApp\tripMateAcccount\build\classes\java\main\com\tripmate\account\user\repository\UserTbRepository.class] 
[startup] [2024-11-05 18:53:56.157] [main] [DEBUG] [o.s.c.a.ClassPathBeanDefinitionScanner] - Identified candidate component class: file [D:\dev\tripApp\tripMateAcccount\build\classes\java\main\com\tripmate\account\user\service\UserManageService.class] 
[startup] [2024-11-05 18:53:58.725] [main] [INFO] [o.s.d.r.c.RepositoryConfigurationDelegate] - Bootstrapping Spring Data JPA repositories in DEFAULT mode. 
[startup] [2024-11-05 18:53:58.743] [main] [DEBUG] [o.s.b.f.s.DefaultListableBeanFactory] - Creating shared instance of singleton bean 'org.springframework.boot.autoconfigure.AutoConfigurationPackages' 
[startup] [2024-11-05 18:53:58.767] [main] [DEBUG] [o.s.b.a.AutoConfigurationPackages] - @EnableAutoConfiguration was declared on a class in the package 'com.tripmate.account'. Automatic @Repository and @Entity scanning is enabled. 
[startup] [2024-11-05 18:53:58.768] [main] [DEBUG] [o.s.d.r.c.RepositoryConfigurationDelegate] - Scanning for JPA repositories in packages com.tripmate.account. 
[startup] [2024-11-05 18:53:58.827] [main] [DEBUG] [o.s.d.r.c.RepositoryComponentProvider] - Identified candidate component class: file [D:\dev\tripApp\tripMateAcccount\build\classes\java\main\com\tripmate\account\user\repository\UserBasicAgreeThRepository.class] 
[startup] [2024-11-05 18:53:58.828] [main] [DEBUG] [o.s.d.r.c.RepositoryComponentProvider] - Identified candidate component class: file [D:\dev\tripApp\tripMateAcccount\build\classes\java\main\com\tripmate\account\user\repository\UserMarketingAgreeThRepository.class] 
[startup] [2024-11-05 18:53:58.828] [main] [DEBUG] [o.s.d.r.c.RepositoryComponentProvider] - Identified candidate component class: file [D:\dev\tripApp\tripMateAcccount\build\classes\java\main\com\tripmate\account\user\repository\UserTbRepository.class] 
[startup] [2024-11-05 18:53:58.916] [main] [DEBUG] [o.s.c.a.ClassPathScanningCandidateComponentProvider] - Identified candidate component class: file [D:\dev\tripApp\tripMateAcccount\build\classes\java\main\com\tripmate\account\common\entity\base\BaseEntity$BaseEntityBuilderImpl.class] 
[startup] [2024-11-05 18:53:58.916] [main] [DEBUG] [o.s.c.a.ClassPathScanningCandidateComponentProvider] - Identified candidate component class: file [D:\dev\tripApp\tripMateAcccount\build\classes\java\main\com\tripmate\account\common\entity\BasicAgreeEntity$BasicAgreeEntityBuilderImpl.class] 
[startup] [2024-11-05 18:53:58.917] [main] [DEBUG] [o.s.c.a.ClassPathScanningCandidateComponentProvider] - Identified candidate component class: file [D:\dev\tripApp\tripMateAcccount\build\classes\java\main\com\tripmate\account\common\entity\MarketingAgreeEntity$MarketingAgreeEntityBuilderImpl.class] 
[startup] [2024-11-05 18:53:58.917] [main] [DEBUG] [o.s.c.a.ClassPathScanningCandidateComponentProvider] - Identified candidate component class: file [D:\dev\tripApp\tripMateAcccount\build\classes\java\main\com\tripmate\account\common\entity\TemplateEntity$TemplateEntityBuilderImpl.class] 
[startup] [2024-11-05 18:53:58.917] [main] [DEBUG] [o.s.c.a.ClassPathScanningCandidateComponentProvider] - Identified candidate component class: file [D:\dev\tripApp\tripMateAcccount\build\classes\java\main\com\tripmate\account\common\entity\UserEntity$UserEntityBuilderImpl.class] 
[startup] [2024-11-05 18:53:58.951] [main] [INFO] [o.s.d.r.c.RepositoryConfigurationDelegate] - Finished Spring Data repository scanning in 178 ms. Found 3 JPA repository interfaces. 
[startup] [2024-11-05 18:53:59.148] [main] [DEBUG] [o.s.b.f.s.DefaultListableBeanFactory] - Creating shared instance of singleton bean 'springSecurityHandlerMappingIntrospectorBeanDefinitionRegistryPostProcessor' 
[startup] [2024-11-05 18:53:59.330] [main] [DEBUG] [o.s.b.f.s.DefaultListableBeanFactory] - Creating shared instance of singleton bean 'propertySourcesPlaceholderConfigurer' 
[startup] [2024-11-05 18:53:59.339] [main] [DEBUG] [o.s.b.f.s.DefaultListableBeanFactory] - Creating shared instance of singleton bean 'emBeanDefinitionRegistrarPostProcessor' 
[startup] [2024-11-05 18:53:59.339] [main] [DEBUG] [o.s.b.f.s.DefaultListableBeanFactory] - Creating shared instance of singleton bean 'org.springframework.boot.sql.init.dependency.DatabaseInitializationDependencyConfigurer$DependsOnDatabaseInitializationPostProcessor' 
[startup] [2024-11-05 18:53:59.431] [main] [DEBUG] [o.s.b.f.s.DefaultListableBeanFactory] - Creating shared instance of singleton bean 'org.springframework.context.event.internalEventListenerProcessor' 
[startup] [2024-11-05 18:53:59.433] [main] [DEBUG] [o.s.b.f.s.DefaultListableBeanFactory] - Creating shared instance of singleton bean 'conversionServicePostProcessor' 
[startup] [2024-11-05 18:53:59.453] [main] [DEBUG] [o.s.b.f.s.DefaultListableBeanFactory] - Creating shared instance of singleton bean 'org.springframework.data.jpa.domain.support.AuditingBeanFactoryPostProcessor' 
[startup] [2024-11-05 18:53:59.454] [main] [DEBUG] [o.s.b.f.s.DefaultListableBeanFactory] - Creating shared instance of singleton bean 'preserveErrorControllerTargetClassPostProcessor' 
[startup] [2024-11-05 18:53:59.455] [main] [DEBUG] [o.s.b.f.s.DefaultListableBeanFactory] - Creating shared instance of singleton bean 'org.springframework.context.event.internalEventListenerFactory' 
[startup] [2024-11-05 18:53:59.456] [main] [DEBUG] [o.s.b.f.s.DefaultListableBeanFactory] - Creating shared instance of singleton bean 'org.springframework.transaction.config.internalTransactionalEventListenerFactory' 
[startup] [2024-11-05 18:53:59.464] [main] [DEBUG] [o.s.b.f.s.DefaultListableBeanFactory] - Creating shared instance of singleton bean 'org.springframework.context.annotation.internalAutowiredAnnotationProcessor' 
[startup] [2024-11-05 18:53:59.468] [main] [DEBUG] [o.s.b.f.s.DefaultListableBeanFactory] - Creating shared instance of singleton bean 'org.springframework.context.annotation.internalCommonAnnotationProcessor' 
[startup] [2024-11-05 18:53:59.475] [main] [DEBUG] [o.s.b.f.s.DefaultListableBeanFactory] - Creating shared instance of singleton bean 'org.springframework.context.annotation.internalPersistenceAnnotationProcessor' 
[startup] [2024-11-05 18:53:59.476] [main] [DEBUG] [o.s.b.f.s.DefaultListableBeanFactory] - Creating shared instance of singleton bean 'org.springframework.boot.context.properties.ConfigurationPropertiesBindingPostProcessor' 
[startup] [2024-11-05 18:53:59.477] [main] [DEBUG] [o.s.b.f.s.DefaultListableBeanFactory] - Creating shared instance of singleton bean 'org.springframework.boot.context.internalConfigurationPropertiesBinder' 
[startup] [2024-11-05 18:53:59.481] [main] [DEBUG] [o.s.b.f.s.DefaultListableBeanFactory] - Creating shared instance of singleton bean 'jdbcConnectionDetailsHikariBeanPostProcessor' 
[startup] [2024-11-05 18:53:59.486] [main] [DEBUG] [o.s.b.f.s.DefaultListableBeanFactory] - Creating shared instance of singleton bean 'methodValidationPostProcessor' 
[startup] [2024-11-05 18:53:59.514] [main] [DEBUG] [o.s.b.f.s.DefaultListableBeanFactory] - Autowiring by type from bean name 'methodValidationPostProcessor' via factory method to bean named 'environment' 
[startup] [2024-11-05 18:53:59.517] [main] [DEBUG] [o.s.b.f.s.DefaultListableBeanFactory] - Creating shared instance of singleton bean 'org.springframework.boot.context.properties.EnableConfigurationPropertiesRegistrar.methodValidationExcludeFilter' 
[startup] [2024-11-05 18:53:59.555] [main] [DEBUG] [o.s.b.f.s.DefaultListableBeanFactory] - Creating shared instance of singleton bean 'org.springframework.aop.config.internalAutoProxyCreator' 
[startup] [2024-11-05 18:53:59.585] [main] [DEBUG] [o.s.b.f.s.DefaultListableBeanFactory] - Creating shared instance of singleton bean 'persistenceExceptionTranslationPostProcessor' 
[startup] [2024-11-05 18:53:59.587] [main] [DEBUG] [o.s.b.f.s.DefaultListableBeanFactory] - Autowiring by type from bean name 'persistenceExceptionTranslationPostProcessor' via factory method to bean named 'environment' 
[startup] [2024-11-05 18:53:59.594] [main] [DEBUG] [o.s.b.f.s.DefaultListableBeanFactory] - Creating shared instance of singleton bean 'webServerFactoryCustomizerBeanPostProcessor' 
[startup] [2024-11-05 18:53:59.596] [main] [DEBUG] [o.s.b.f.s.DefaultListableBeanFactory] - Creating shared instance of singleton bean 'errorPageRegistrarBeanPostProcessor' 
[startup] [2024-11-05 18:53:59.597] [main] [DEBUG] [o.s.b.f.s.DefaultListableBeanFactory] - Creating shared instance of singleton bean 'projectingArgumentResolverBeanPostProcessor' 
[startup] [2024-11-05 18:53:59.599] [main] [DEBUG] [o.s.b.f.s.DefaultListableBeanFactory] - Creating shared instance of singleton bean 'org.springframework.transaction.config.internalTransactionAdvisor' 
[startup] [2024-11-05 18:53:59.600] [main] [DEBUG] [o.s.b.f.s.DefaultListableBeanFactory] - Creating shared instance of singleton bean 'org.springframework.transaction.annotation.ProxyTransactionManagementConfiguration' 
[startup] [2024-11-05 18:53:59.648] [main] [DEBUG] [o.s.a.a.a.ReflectiveAspectJAdvisorFactory] - Found AspectJ method: public void org.springframework.beans.factory.aspectj.AbstractDependencyInjectionAspect.ajc$before$org_springframework_beans_factory_aspectj_AbstractDependencyInjectionAspect$1$e854fa65(java.lang.Object) 
[startup] [2024-11-05 18:53:59.651] [main] [DEBUG] [o.s.a.a.a.ReflectiveAspectJAdvisorFactory] - Found AspectJ method: public void org.springframework.beans.factory.aspectj.AbstractDependencyInjectionAspect.ajc$afterReturning$org_springframework_beans_factory_aspectj_AbstractDependencyInjectionAspect$2$1ea6722c(java.lang.Object) 
[startup] [2024-11-05 18:53:59.652] [main] [DEBUG] [o.s.a.a.a.ReflectiveAspectJAdvisorFactory] - Found AspectJ method: public void org.springframework.beans.factory.aspectj.AbstractDependencyInjectionAspect.ajc$afterReturning$org_springframework_beans_factory_aspectj_AbstractDependencyInjectionAspect$3$6aa27052(java.lang.Object) 
[startup] [2024-11-05 18:53:59.926] [main] [DEBUG] [o.s.a.a.AspectJExpressionPointcut] - Pointcut parser rejected expression [(beanConstruction(bean) && (preConstructionCondition() && inConfigurableBean()))]: java.lang.IllegalArgumentException: error Type referred to is not an annotation type: Configurable 
[startup] [2024-11-05 18:53:59.930] [main] [DEBUG] [o.s.a.a.AspectJExpressionPointcut] - Pointcut parser rejected expression [(beanConstruction(bean) && (postConstructionCondition() && inConfigurableBean()))]: java.lang.IllegalArgumentException: error Type referred to is not an annotation type: Configurable 
[startup] [2024-11-05 18:53:59.934] [main] [DEBUG] [o.s.a.a.AspectJExpressionPointcut] - Pointcut parser rejected expression [(beanDeserialization(bean) && inConfigurableBean())]: java.lang.IllegalArgumentException: error Type referred to is not an annotation type: Configurable 
[startup] [2024-11-05 18:53:59.936] [main] [DEBUG] [o.s.b.f.s.DefaultListableBeanFactory] - Creating shared instance of singleton bean 'transactionAttributeSource' 
[startup] [2024-11-05 18:53:59.950] [main] [DEBUG] [o.s.b.f.s.DefaultListableBeanFactory] - Creating shared instance of singleton bean 'transactionInterceptor' 
[startup] [2024-11-05 18:53:59.951] [main] [DEBUG] [o.s.b.f.s.DefaultListableBeanFactory] - Autowiring by type from bean name 'transactionInterceptor' via factory method to bean named 'transactionAttributeSource' 
[startup] [2024-11-05 18:53:59.969] [main] [DEBUG] [o.s.b.f.s.DefaultListableBeanFactory] - Autowiring by type from bean name 'org.springframework.transaction.config.internalTransactionAdvisor' via factory method to bean named 'transactionAttributeSource' 
[startup] [2024-11-05 18:53:59.970] [main] [DEBUG] [o.s.b.f.s.DefaultListableBeanFactory] - Autowiring by type from bean name 'org.springframework.transaction.config.internalTransactionAdvisor' via factory method to bean named 'transactionInterceptor' 
