[startup] [2024-11-01 21:14:11.873] [background-preinit] [INFO] [o.h.v.i.u.Version] - HV000001: Hibernate Validator 8.0.1.Final 
[startup] [2024-11-01 21:14:12.019] [main] [INFO] [c.t.a.AccountApplication] - Starting AccountApplication using Java 17 with PID 40240 (D:\dev\tripApp\tripMateAcccount\build\classes\java\main started by leesuin in D:\dev\tripApp\tripMateAcccount) 
[startup] [2024-11-01 21:14:12.022] [main] [INFO] [c.t.a.AccountApplication] - No active profile set, falling back to 1 default profile: "default" 
[startup] [2024-11-01 21:14:14.176] [main] [INFO] [o.s.d.r.c.RepositoryConfigurationDelegate] - Bootstrapping Spring Data JPA repositories in DEFAULT mode. 
[startup] [2024-11-01 21:14:14.374] [main] [INFO] [o.s.d.r.c.RepositoryConfigurationDelegate] - Finished Spring Data repository scanning in 180 ms. Found 3 JPA repository interfaces. 
[startup] [2024-11-01 21:14:15.940] [main] [INFO] [o.s.b.w.e.t.TomcatWebServer] - Tomcat initialized with port 8080 (http) 
[startup] [2024-11-01 21:14:15.960] [main] [INFO] [o.a.c.h.Http11NioProtocol] - Initializing ProtocolHandler ["http-nio-8080"] 
[startup] [2024-11-01 21:14:15.969] [main] [INFO] [o.a.c.c.StandardService] - Starting service [Tomcat] 
[startup] [2024-11-01 21:14:15.969] [main] [INFO] [o.a.c.c.StandardEngine] - Starting Servlet engine: [Apache Tomcat/10.1.30] 
[startup] [2024-11-01 21:14:16.142] [main] [INFO] [o.a.c.c.C.[.[.[/]] - Initializing Spring embedded WebApplicationContext 
[startup] [2024-11-01 21:14:16.143] [main] [INFO] [o.s.b.w.s.c.ServletWebServerApplicationContext] - Root WebApplicationContext: initialization completed in 3967 ms 
[startup] [2024-11-01 21:14:16.520] [main] [INFO] [o.h.j.i.u.LogHelper] - HHH000204: Processing PersistenceUnitInfo [name: default] 
[startup] [2024-11-01 21:14:16.629] [main] [INFO] [o.h.Version] - HHH000412: Hibernate ORM core version 6.5.3.Final 
[startup] [2024-11-01 21:14:16.702] [main] [INFO] [o.h.c.i.RegionFactoryInitiator] - HHH000026: Second-level cache disabled 
[startup] [2024-11-01 21:14:17.356] [main] [INFO] [o.s.o.j.p.SpringPersistenceUnitInfo] - No LoadTimeWeaver setup: ignoring JPA class transformer 
[startup] [2024-11-01 21:14:17.415] [main] [INFO] [c.z.h.HikariDataSource] - HikariPool-1 - Starting... 
[startup] [2024-11-01 21:14:17.674] [main] [INFO] [c.z.h.p.HikariPool] - HikariPool-1 - Added connection com.mysql.cj.jdbc.ConnectionImpl@1efcba00 
[startup] [2024-11-01 21:14:17.678] [main] [INFO] [c.z.h.HikariDataSource] - HikariPool-1 - Start completed. 
[startup] [2024-11-01 21:14:19.697] [main] [INFO] [o.h.e.t.j.p.i.JtaPlatformInitiator] - HHH000489: No JTA platform available (set 'hibernate.transaction.jta.platform' to enable JTA platform integration) 
[startup] [2024-11-01 21:14:20.059] [main] [INFO] [o.s.o.j.LocalContainerEntityManagerFactoryBean] - Initialized JPA EntityManagerFactory for persistence unit 'default' 
[startup] [2024-11-01 21:14:20.603] [main] [INFO] [o.s.d.j.r.q.QueryEnhancerFactory] - Hibernate is in classpath; If applicable, HQL parser will be used. 
[startup] [2024-11-01 21:14:22.794] [main] [INFO] [o.s.s.c.a.a.c.InitializeAuthenticationProviderBeanManagerConfigurer$InitializeAuthenticationProviderManagerConfigurer] - Global AuthenticationManager configured with AuthenticationProvider bean with name generalUserAuthenticationProvider 
[startup] [2024-11-01 21:14:22.796] [main] [WARN] [o.s.s.c.a.a.c.InitializeUserDetailsBeanManagerConfigurer$InitializeUserDetailsManagerConfigurer] - Global AuthenticationManager configured with an AuthenticationProvider bean. UserDetailsService beans will not be used for username/password login. Consider removing the AuthenticationProvider bean. Alternatively, consider using the UserDetailsService in a manually instantiated DaoAuthenticationProvider. 
[startup] [2024-11-01 21:14:24.099] [main] [INFO] [o.a.c.h.Http11NioProtocol] - Starting ProtocolHandler ["http-nio-8080"] 
[startup] [2024-11-01 21:14:24.143] [main] [INFO] [o.s.b.w.e.t.TomcatWebServer] - Tomcat started on port 8080 (http) with context path '/' 
[startup] [2024-11-01 21:14:24.163] [main] [INFO] [c.t.a.AccountApplication] - Started AccountApplication in 13.287 seconds (process running for 14.233) 
