[startup] [2024-11-25 16:02:37.930] [background-preinit] [INFO] [o.h.v.i.u.Version] - HV000001: Hibernate Validator 8.0.1.Final 
[startup] [2024-11-25 16:02:38.033] [main] [INFO] [c.t.a.AccountApplication] - Starting AccountApplication using Java 17 with PID 19396 (D:\dev\tripApp\tripMateAcccount\build\classes\java\main started by leesuin in D:\dev\tripApp\tripMateAcccount) 
[startup] [2024-11-25 16:02:38.036] [main] [INFO] [c.t.a.AccountApplication] - No active profile set, falling back to 1 default profile: "default" 
[startup] [2024-11-25 16:02:39.681] [main] [INFO] [o.s.d.r.c.RepositoryConfigurationDelegate] - Bootstrapping Spring Data JPA repositories in DEFAULT mode. 
[startup] [2024-11-25 16:02:39.804] [main] [INFO] [o.s.d.r.c.RepositoryConfigurationDelegate] - Finished Spring Data repository scanning in 112 ms. Found 5 JPA repository interfaces. 
[startup] [2024-11-25 16:02:41.057] [main] [INFO] [o.s.b.w.e.t.TomcatWebServer] - Tomcat initialized with port 8080 (http) 
[startup] [2024-11-25 16:02:41.073] [main] [INFO] [o.a.c.h.Http11NioProtocol] - Initializing ProtocolHandler ["http-nio-8080"] 
[startup] [2024-11-25 16:02:41.077] [main] [INFO] [o.a.c.c.StandardService] - Starting service [Tomcat] 
[startup] [2024-11-25 16:02:41.078] [main] [INFO] [o.a.c.c.StandardEngine] - Starting Servlet engine: [Apache Tomcat/10.1.30] 
[startup] [2024-11-25 16:02:41.206] [main] [INFO] [o.a.c.c.C.[.[.[/]] - Initializing Spring embedded WebApplicationContext 
[startup] [2024-11-25 16:02:41.206] [main] [INFO] [o.s.b.w.s.c.ServletWebServerApplicationContext] - Root WebApplicationContext: initialization completed in 3074 ms 
[startup] [2024-11-25 16:02:41.522] [main] [INFO] [o.h.j.i.u.LogHelper] - HHH000204: Processing PersistenceUnitInfo [name: default] 
[startup] [2024-11-25 16:02:41.621] [main] [INFO] [o.h.Version] - HHH000412: Hibernate ORM core version 6.5.3.Final 
[startup] [2024-11-25 16:02:41.670] [main] [INFO] [o.h.c.i.RegionFactoryInitiator] - HHH000026: Second-level cache disabled 
[startup] [2024-11-25 16:02:42.199] [main] [INFO] [o.s.o.j.p.SpringPersistenceUnitInfo] - No LoadTimeWeaver setup: ignoring JPA class transformer 
[startup] [2024-11-25 16:02:42.244] [main] [INFO] [c.z.h.HikariDataSource] - HikariPool-1 - Starting... 
[startup] [2024-11-25 16:02:42.495] [main] [INFO] [c.z.h.p.HikariPool] - HikariPool-1 - Added connection com.mysql.cj.jdbc.ConnectionImpl@64ed18ec 
[startup] [2024-11-25 16:02:42.500] [main] [INFO] [c.z.h.HikariDataSource] - HikariPool-1 - Start completed. 
[startup] [2024-11-25 16:02:46.707] [background-preinit] [INFO] [o.h.v.i.u.Version] - HV000001: Hibernate Validator 8.0.1.Final 
[startup] [2024-11-25 16:02:46.784] [main] [INFO] [c.t.a.AccountApplication] - Starting AccountApplication using Java 17 with PID 41940 (D:\dev\tripApp\tripMateAcccount\build\classes\java\main started by leesuin in D:\dev\tripApp\tripMateAcccount) 
[startup] [2024-11-25 16:02:46.786] [main] [INFO] [c.t.a.AccountApplication] - No active profile set, falling back to 1 default profile: "default" 
[startup] [2024-11-25 16:02:48.198] [main] [INFO] [o.s.d.r.c.RepositoryConfigurationDelegate] - Bootstrapping Spring Data JPA repositories in DEFAULT mode. 
[startup] [2024-11-25 16:02:48.334] [main] [INFO] [o.s.d.r.c.RepositoryConfigurationDelegate] - Finished Spring Data repository scanning in 126 ms. Found 5 JPA repository interfaces. 
[startup] [2024-11-25 16:02:49.666] [main] [INFO] [o.s.b.w.e.t.TomcatWebServer] - Tomcat initialized with port 8080 (http) 
[startup] [2024-11-25 16:02:49.680] [main] [INFO] [o.a.c.h.Http11NioProtocol] - Initializing ProtocolHandler ["http-nio-8080"] 
[startup] [2024-11-25 16:02:49.686] [main] [INFO] [o.a.c.c.StandardService] - Starting service [Tomcat] 
[startup] [2024-11-25 16:02:49.686] [main] [INFO] [o.a.c.c.StandardEngine] - Starting Servlet engine: [Apache Tomcat/10.1.30] 
[startup] [2024-11-25 16:02:49.832] [main] [INFO] [o.a.c.c.C.[.[.[/]] - Initializing Spring embedded WebApplicationContext 
[startup] [2024-11-25 16:02:49.833] [main] [INFO] [o.s.b.w.s.c.ServletWebServerApplicationContext] - Root WebApplicationContext: initialization completed in 2968 ms 
[startup] [2024-11-25 16:02:50.194] [main] [INFO] [o.h.j.i.u.LogHelper] - HHH000204: Processing PersistenceUnitInfo [name: default] 
[startup] [2024-11-25 16:02:50.277] [main] [INFO] [o.h.Version] - HHH000412: Hibernate ORM core version 6.5.3.Final 
[startup] [2024-11-25 16:02:50.327] [main] [INFO] [o.h.c.i.RegionFactoryInitiator] - HHH000026: Second-level cache disabled 
[startup] [2024-11-25 16:02:50.782] [main] [INFO] [o.s.o.j.p.SpringPersistenceUnitInfo] - No LoadTimeWeaver setup: ignoring JPA class transformer 
[startup] [2024-11-25 16:02:50.825] [main] [INFO] [c.z.h.HikariDataSource] - HikariPool-1 - Starting... 
[startup] [2024-11-25 16:02:51.034] [main] [INFO] [c.z.h.p.HikariPool] - HikariPool-1 - Added connection com.mysql.cj.jdbc.ConnectionImpl@70169464 
[startup] [2024-11-25 16:02:51.038] [main] [INFO] [c.z.h.HikariDataSource] - HikariPool-1 - Start completed. 
[startup] [2024-11-25 16:02:52.262] [main] [INFO] [o.h.m.i.EntityInstantiatorPojoStandard] - HHH000182: No default (no-argument) constructor for class: com.tripmate.account.common.entity.RoleEntity (class must be instantiated by Interceptor) 
[startup] [2024-11-25 16:02:52.498] [main] [INFO] [o.h.e.t.j.p.i.JtaPlatformInitiator] - HHH000489: No JTA platform available (set 'hibernate.transaction.jta.platform' to enable JTA platform integration) 
[startup] [2024-11-25 16:02:52.916] [main] [INFO] [o.s.o.j.LocalContainerEntityManagerFactoryBean] - Initialized JPA EntityManagerFactory for persistence unit 'default' 
[startup] [2024-11-25 16:02:53.381] [main] [INFO] [o.s.d.j.r.q.QueryEnhancerFactory] - Hibernate is in classpath; If applicable, HQL parser will be used. 
[startup] [2024-11-25 16:02:54.362] [main] [INFO] [o.s.s.c.a.a.c.InitializeUserDetailsBeanManagerConfigurer$InitializeUserDetailsManagerConfigurer] - Global AuthenticationManager configured with UserDetailsService bean with name guestUserDetailsService 
[startup] [2024-11-25 16:02:55.001] [main] [INFO] [o.a.c.h.Http11NioProtocol] - Starting ProtocolHandler ["http-nio-8080"] 
[startup] [2024-11-25 16:02:55.028] [main] [INFO] [o.s.b.w.e.t.TomcatWebServer] - Tomcat started on port 8080 (http) with context path '/' 
[startup] [2024-11-25 16:02:55.044] [main] [INFO] [c.t.a.AccountApplication] - Started AccountApplication in 9.153 seconds (process running for 9.908) 
