[startup] [2024-10-23 14:47:30.301] [background-preinit] [INFO] [o.h.v.i.u.Version] - HV000001: Hibernate Validator 8.0.1.Final 
[startup] [2024-10-23 14:47:30.369] [main] [INFO] [c.t.a.AccountApplication] - Starting AccountApplication using Java 17 with PID 12500 (D:\dev\tripApp\tripMateAcccount\build\classes\java\main started by leesuin in D:\dev\tripApp\tripMateAcccount) 
[startup] [2024-10-23 14:47:30.370] [main] [INFO] [c.t.a.AccountApplication] - No active profile set, falling back to 1 default profile: "default" 
[startup] [2024-10-23 14:47:31.374] [main] [INFO] [o.s.d.r.c.RepositoryConfigurationDelegate] - Bootstrapping Spring Data JPA repositories in DEFAULT mode. 
[startup] [2024-10-23 14:47:31.446] [main] [INFO] [o.s.d.r.c.RepositoryConfigurationDelegate] - Finished Spring Data repository scanning in 64 ms. Found 3 JPA repository interfaces. 
[startup] [2024-10-23 14:47:32.225] [main] [INFO] [o.s.b.w.e.t.TomcatWebServer] - Tomcat initialized with port 8080 (http) 
[startup] [2024-10-23 14:47:32.236] [main] [INFO] [o.a.c.h.Http11NioProtocol] - Initializing ProtocolHandler ["http-nio-8080"] 
[startup] [2024-10-23 14:47:32.240] [main] [INFO] [o.a.c.c.StandardService] - Starting service [Tomcat] 
[startup] [2024-10-23 14:47:32.241] [main] [INFO] [o.a.c.c.StandardEngine] - Starting Servlet engine: [Apache Tomcat/10.1.30] 
[startup] [2024-10-23 14:47:32.337] [main] [INFO] [o.a.c.c.C.[.[.[/]] - Initializing Spring embedded WebApplicationContext 
[startup] [2024-10-23 14:47:32.337] [main] [INFO] [o.s.b.w.s.c.ServletWebServerApplicationContext] - Root WebApplicationContext: initialization completed in 1903 ms 
[startup] [2024-10-23 14:47:32.586] [main] [INFO] [o.h.j.i.u.LogHelper] - HHH000204: Processing PersistenceUnitInfo [name: default] 
[startup] [2024-10-23 14:47:32.656] [main] [INFO] [o.h.Version] - HHH000412: Hibernate ORM core version 6.5.3.Final 
[startup] [2024-10-23 14:47:32.694] [main] [INFO] [o.h.c.i.RegionFactoryInitiator] - HHH000026: Second-level cache disabled 
[startup] [2024-10-23 14:47:33.041] [main] [INFO] [o.s.o.j.p.SpringPersistenceUnitInfo] - No LoadTimeWeaver setup: ignoring JPA class transformer 
[startup] [2024-10-23 14:47:33.074] [main] [INFO] [c.z.h.HikariDataSource] - HikariPool-1 - Starting... 
[startup] [2024-10-23 14:47:33.204] [main] [INFO] [c.z.h.p.HikariPool] - HikariPool-1 - Added connection com.mysql.cj.jdbc.ConnectionImpl@4152bd0f 
[startup] [2024-10-23 14:47:33.212] [main] [INFO] [c.z.h.HikariDataSource] - HikariPool-1 - Start completed. 
[startup] [2024-10-23 14:47:34.323] [main] [INFO] [o.h.e.t.j.p.i.JtaPlatformInitiator] - HHH000489: No JTA platform available (set 'hibernate.transaction.jta.platform' to enable JTA platform integration) 
[startup] [2024-10-23 14:47:34.382] [main] [INFO] [o.s.o.j.LocalContainerEntityManagerFactoryBean] - Initialized JPA EntityManagerFactory for persistence unit 'default' 
[startup] [2024-10-23 14:47:35.475] [main] [INFO] [o.a.c.h.Http11NioProtocol] - Starting ProtocolHandler ["http-nio-8080"] 
[startup] [2024-10-23 14:47:35.495] [main] [INFO] [o.s.b.w.e.t.TomcatWebServer] - Tomcat started on port 8080 (http) with context path '/' 
[startup] [2024-10-23 14:47:35.505] [main] [INFO] [c.t.a.AccountApplication] - Started AccountApplication in 5.725 seconds (process running for 6.199) 
[startup] [2024-10-23 14:47:38.620] [http-nio-8080-exec-2] [INFO] [o.a.c.c.C.[.[.[/]] - Initializing Spring DispatcherServlet 'dispatcherServlet' 
[startup] [2024-10-23 14:47:38.620] [http-nio-8080-exec-2] [INFO] [o.s.w.s.DispatcherServlet] - Initializing Servlet 'dispatcherServlet' 
[startup] [2024-10-23 14:47:38.622] [http-nio-8080-exec-2] [INFO] [o.s.w.s.DispatcherServlet] - Completed initialization in 2 ms 
[9f5248d6-96c2-40ec-a06f-07729c66a7c5] [2024-10-23 14:47:39.050] [http-nio-8080-exec-2] [INFO] [c.t.a.f.HttpLoggingFilter] - URI: /api/user/change, Request: {
    "userId":"4test",
    "currentPwd":"12345",
    "newPwd":"12345"
} 
[9f5248d6-96c2-40ec-a06f-07729c66a7c5] [2024-10-23 14:47:39.050] [http-nio-8080-exec-2] [INFO] [c.t.a.f.HttpLoggingFilter] - Status: 200, Response: {"message":"성공","code":"0000"} 
